<?xml version="1.0" encoding="UTF-8"?>
<testsuite name="org.example.PasswordGeneratorKP.PasswordGeneratorTest" tests="5" skipped="0" failures="0" errors="0" timestamp="2024-12-14T14:21:59" hostname="MacBook-Pro.local" time="1.554">
  <properties/>
  <testcase name="testGeneratePasswordSpecialCharsIncluded()" classname="org.example.PasswordGeneratorKP.PasswordGeneratorTest" time="1.499"/>
  <testcase name="testGeneratePasswordUppercaseIncluded()" classname="org.example.PasswordGeneratorKP.PasswordGeneratorTest" time="0.01"/>
  <testcase name="testGeneratePasswordLength()" classname="org.example.PasswordGeneratorKP.PasswordGeneratorTest" time="0.008"/>
  <testcase name="testInvalidPasswordLength()" classname="org.example.PasswordGeneratorKP.PasswordGeneratorTest" time="0.013"/>
  <testcase name="testGeneratePasswordDigitsIncluded()" classname="org.example.PasswordGeneratorKP.PasswordGeneratorTest" time="0.011"/>
  <system-out><![CDATA[2024-12-14 17:21:59 [Test worker] INFO : DatabaseManager инициализирован
2024-12-14 17:22:00 [Test worker] INFO : Таблица пользователей создана или уже существует.
2024-12-14 17:22:00 [Test worker] INFO : Генерация пароля длиной: 12, верхний регистр: false, цифры: false, специальные символы: true
2024-12-14 17:22:00 [Test worker] INFO : Пароль сгенерирован за 32603425 наносекунд: oл?с@=ksiq!с
2024-12-14 17:22:00 [Test worker] INFO : testGeneratePasswordSpecialCharsIncluded: Пароль содержит специальный символ.
2024-12-14 17:22:00 [Test worker] INFO : DatabaseManager инициализирован
2024-12-14 17:22:00 [Test worker] INFO : Таблица пользователей создана или уже существует.
2024-12-14 17:22:00 [Test worker] INFO : Генерация пароля длиной: 12, верхний регистр: true, цифры: false, специальные символы: false
2024-12-14 17:22:00 [Test worker] INFO : Пароль сгенерирован за 1493780 наносекунд: ВUзйЖУjWКzдc
2024-12-14 17:22:00 [Test worker] INFO : testGeneratePasswordUppercaseIncluded: Пароль содержит символ верхнего регистра.
2024-12-14 17:22:00 [Test worker] INFO : DatabaseManager инициализирован
2024-12-14 17:22:00 [Test worker] INFO : Таблица пользователей создана или уже существует.
2024-12-14 17:22:00 [Test worker] INFO : Генерация пароля длиной: 12, верхний регистр: true, цифры: true, специальные символы: true
2024-12-14 17:22:00 [Test worker] INFO : Пароль сгенерирован за 781861 наносекунд: !Нйe8ФKМeФV+
2024-12-14 17:22:00 [Test worker] INFO : testGeneratePasswordLength: Корректная длина пароля.
2024-12-14 17:22:00 [Test worker] INFO : DatabaseManager инициализирован
2024-12-14 17:22:00 [Test worker] INFO : Таблица пользователей создана или уже существует.
2024-12-14 17:22:00 [Test worker] INFO : Генерация пароля длиной: 0, верхний регистр: true, цифры: true, специальные символы: true
2024-12-14 17:22:00 [Test worker] ERROR: Длина пароля должна быть не менее 1.
2024-12-14 17:22:00 [Test worker] INFO : testInvalidPasswordLength: Исключение, выданное с сообщением: Длина пароля должна быть не менее 1.
2024-12-14 17:22:00 [Test worker] INFO : DatabaseManager инициализирован
2024-12-14 17:22:00 [Test worker] INFO : Таблица пользователей создана или уже существует.
2024-12-14 17:22:00 [Test worker] INFO : Генерация пароля длиной: 12, верхний регистр: false, цифры: true, специальные символы: false
2024-12-14 17:22:00 [Test worker] INFO : Пароль сгенерирован за 778769 наносекунд: ъpхiпtчmажз8
2024-12-14 17:22:00 [Test worker] INFO : testGeneratePasswordDigitsIncluded: Пароль содержит цифру.
]]></system-out>
  <system-err><![CDATA[]]></system-err>
</testsuite>
